Building DAG of jobs...
Using shell: /bin/bash
Provided cores: 16
Rules claiming more threads will be scaled down.
Job stats:
job           count    min threads    max threads
----------  -------  -------------  -------------
all               1              1              1
read_count        3              1              1
total             4              1              1

Select jobs to execute...

[Thu Jan 27 13:49:46 2022]
rule read_count:
    input: fastqs/porechopped/barcode03.fastq.gz
    output: emu_results/barcode03_readcount.txt
    jobid: 6
    wildcards: sample=barcode03
    resources: tmpdir=/var/folders/2q/srp24kx525982p1wr0crt0tc0000gq/T


[Thu Jan 27 13:49:46 2022]
rule read_count:
    input: fastqs/porechopped/barcode01.fastq.gz
    output: emu_results/barcode01_readcount.txt
    jobid: 4
    wildcards: sample=barcode01
    resources: tmpdir=/var/folders/2q/srp24kx525982p1wr0crt0tc0000gq/T


[Thu Jan 27 13:49:46 2022]
rule read_count:
    input: fastqs/porechopped/barcode02.fastq.gz
    output: emu_results/barcode02_readcount.txt
    jobid: 5
    wildcards: sample=barcode02
    resources: tmpdir=/var/folders/2q/srp24kx525982p1wr0crt0tc0000gq/T

[Thu Jan 27 13:49:46 2022]
Finished job 6.
1 of 4 steps (25%) done
[Thu Jan 27 13:49:46 2022]
Finished job 4.
2 of 4 steps (50%) done
[Thu Jan 27 13:49:46 2022]
Finished job 5.
3 of 4 steps (75%) done
Select jobs to execute...

[Thu Jan 27 13:49:46 2022]
localrule all:
    input: emu_results/barcode01_rel-abundance-threshold-0.01.tsv, emu_results/barcode02_rel-abundance-threshold-0.01.tsv, emu_results/barcode03_rel-abundance-threshold-0.01.tsv, emu_results/barcode01_readcount.txt, emu_results/barcode02_readcount.txt, emu_results/barcode03_readcount.txt
    jobid: 0
    resources: tmpdir=/var/folders/2q/srp24kx525982p1wr0crt0tc0000gq/T

[Thu Jan 27 13:49:46 2022]
Finished job 0.
4 of 4 steps (100%) done
Complete log: /Users/a1667917/Documents/Pipelines/16S_Emu_Pipeline/.snakemake/log/2022-01-27T134945.455072.snakemake.log
