Building DAG of jobs...
Using shell: /bin/bash
Provided cores: 16
Rules claiming more threads will be scaled down.
Job stats:
job         count    min threads    max threads
--------  -------  -------------  -------------
all             1              1              1
nanoplot        3             16             16
total           4              1             16

Select jobs to execute...

[Thu Jan 27 14:32:22 2022]
rule nanoplot:
    input: fastqs/porechopped/barcode03.fastq.gz
    output: nanoplot/barcode03
    jobid: 12
    wildcards: sample=barcode03
    threads: 16
    resources: tmpdir=/var/folders/2q/srp24kx525982p1wr0crt0tc0000gq/T

[Thu Jan 27 14:32:22 2022]
Error in rule nanoplot:
    jobid: 12
    output: nanoplot/barcode03
    shell:
        NanoPlot --prefix pass --fastq fastqs/porechopped/barcode03.fastq.gz -t 16 -o nanoplot/barcode03
        (one of the commands exited with non-zero exit code; note that snakemake uses bash strict mode!)

Shutting down, this might take some time.
Exiting because a job execution failed. Look above for error message
Complete log: /Users/a1667917/Documents/Pipelines/16S_Emu_Pipeline/.snakemake/log/2022-01-27T143222.019506.snakemake.log
