Building DAG of jobs...
Using shell: /bin/bash
Provided cores: 16
Rules claiming more threads will be scaled down.
Job stats:
job           count    min threads    max threads
----------  -------  -------------  -------------
all               1              1              1
emu               1             16             16
read_count        3              1              1
total             5              1             16

Select jobs to execute...

[Thu Jan 27 13:43:23 2022]
rule emu:
    input: fastqs/porechopped/barcode03.fastq.gz
    output: emu_results/barcode03_rel-abundance-threshold-0.01.tsv
    jobid: 3
    wildcards: sample=barcode03
    threads: 16
    resources: tmpdir=/var/folders/2q/srp24kx525982p1wr0crt0tc0000gq/T

[Thu Jan 27 13:46:35 2022]
Finished job 3.
1 of 5 steps (20%) done
Select jobs to execute...

[Thu Jan 27 13:46:35 2022]
rule read_count:
    input: fastqs/porechopped/barcode03.fastq.gz
    output: emu_results/barcode03_reads.txt
    jobid: 6
    wildcards: sample=barcode03
    resources: tmpdir=/var/folders/2q/srp24kx525982p1wr0crt0tc0000gq/T


[Thu Jan 27 13:46:35 2022]
rule read_count:
    input: fastqs/porechopped/barcode01.fastq.gz
    output: emu_results/barcode01_reads.txt
    jobid: 4
    wildcards: sample=barcode01
    resources: tmpdir=/var/folders/2q/srp24kx525982p1wr0crt0tc0000gq/T


[Thu Jan 27 13:46:35 2022]
rule read_count:
    input: fastqs/porechopped/barcode02.fastq.gz
    output: emu_results/barcode02_reads.txt
    jobid: 5
    wildcards: sample=barcode02
    resources: tmpdir=/var/folders/2q/srp24kx525982p1wr0crt0tc0000gq/T

[Thu Jan 27 13:46:35 2022]
Finished job 4.
2 of 5 steps (40%) done
[Thu Jan 27 13:46:35 2022]
Finished job 6.
3 of 5 steps (60%) done
[Thu Jan 27 13:46:35 2022]
Finished job 5.
4 of 5 steps (80%) done
Select jobs to execute...

[Thu Jan 27 13:46:35 2022]
localrule all:
    input: emu_results/barcode01_rel-abundance-threshold-0.01.tsv, emu_results/barcode02_rel-abundance-threshold-0.01.tsv, emu_results/barcode03_rel-abundance-threshold-0.01.tsv, emu_results/barcode01_reads.txt, emu_results/barcode02_reads.txt, emu_results/barcode03_reads.txt
    jobid: 0
    resources: tmpdir=/var/folders/2q/srp24kx525982p1wr0crt0tc0000gq/T

[Thu Jan 27 13:46:35 2022]
Finished job 0.
5 of 5 steps (100%) done
Complete log: /Users/a1667917/Documents/Pipelines/16S_Emu_Pipeline/.snakemake/log/2022-01-27T134322.778326.snakemake.log
