Building DAG of jobs...
Using shell: /bin/bash
Provided cores: 16
Rules claiming more threads will be scaled down.
Job stats:
job            count    min threads    max threads
-----------  -------  -------------  -------------
all                1              1              1
krona              3              1              1
krona_input        3              1              1
total              7              1              1

Select jobs to execute...

[Thu Jan 27 14:23:06 2022]
rule krona_input:
    input: emu_results/barcode01_rel-abundance-threshold-0.01.tsv, emu_results/barcode01_readcount.txt
    output: emu_results/barcode01_krona_input.txt
    jobid: 7
    wildcards: sample=barcode01
    resources: tmpdir=/var/folders/2q/srp24kx525982p1wr0crt0tc0000gq/T

[Thu Jan 27 14:23:06 2022]
rule krona_input:
    input: emu_results/barcode02_rel-abundance-threshold-0.01.tsv, emu_results/barcode02_readcount.txt
    output: emu_results/barcode02_krona_input.txt
    jobid: 8
    wildcards: sample=barcode02
    resources: tmpdir=/var/folders/2q/srp24kx525982p1wr0crt0tc0000gq/T

[Thu Jan 27 14:23:06 2022]
rule krona_input:
    input: emu_results/barcode03_rel-abundance-threshold-0.01.tsv, emu_results/barcode03_readcount.txt
    output: emu_results/barcode03_krona_input.txt
    jobid: 9
    wildcards: sample=barcode03
    resources: tmpdir=/var/folders/2q/srp24kx525982p1wr0crt0tc0000gq/T

[Thu Jan 27 14:23:07 2022]
Finished job 9.
1 of 7 steps (14%) done
Select jobs to execute...

[Thu Jan 27 14:23:07 2022]
rule krona:
    input: emu_results/barcode03_krona_input.txt
    output: krona/barcode03_krona.html
    jobid: 12
    wildcards: sample=barcode03
    resources: tmpdir=/var/folders/2q/srp24kx525982p1wr0crt0tc0000gq/T

[Thu Jan 27 14:23:07 2022]
Finished job 7.
2 of 7 steps (29%) done
[Thu Jan 27 14:23:07 2022]
Finished job 8.
3 of 7 steps (43%) done
Select jobs to execute...

[Thu Jan 27 14:23:07 2022]
rule krona:
    input: emu_results/barcode01_krona_input.txt
    output: krona/barcode01_krona.html
    jobid: 10
    wildcards: sample=barcode01
    resources: tmpdir=/var/folders/2q/srp24kx525982p1wr0crt0tc0000gq/T


[Thu Jan 27 14:23:07 2022]
rule krona:
    input: emu_results/barcode02_krona_input.txt
    output: krona/barcode02_krona.html
    jobid: 11
    wildcards: sample=barcode02
    resources: tmpdir=/var/folders/2q/srp24kx525982p1wr0crt0tc0000gq/T

[Thu Jan 27 14:23:11 2022]
Finished job 12.
4 of 7 steps (57%) done
[Thu Jan 27 14:23:11 2022]
Finished job 11.
5 of 7 steps (71%) done
[Thu Jan 27 14:23:11 2022]
Finished job 10.
6 of 7 steps (86%) done
Select jobs to execute...

[Thu Jan 27 14:23:11 2022]
localrule all:
    input: emu_results/barcode01_rel-abundance-threshold-0.01.tsv, emu_results/barcode02_rel-abundance-threshold-0.01.tsv, emu_results/barcode03_rel-abundance-threshold-0.01.tsv, emu_results/barcode01_readcount.txt, emu_results/barcode02_readcount.txt, emu_results/barcode03_readcount.txt, emu_results/barcode01_krona_input.txt, emu_results/barcode02_krona_input.txt, emu_results/barcode03_krona_input.txt, krona/barcode01_krona.html, krona/barcode02_krona.html, krona/barcode03_krona.html
    jobid: 0
    resources: tmpdir=/var/folders/2q/srp24kx525982p1wr0crt0tc0000gq/T

[Thu Jan 27 14:23:11 2022]
Finished job 0.
7 of 7 steps (100%) done
Complete log: /Users/a1667917/Documents/Pipelines/16S_Emu_Pipeline/.snakemake/log/2022-01-27T142305.874893.snakemake.log
