Building DAG of jobs...
Using shell: /bin/bash
Provided cores: 16
Rules claiming more threads will be scaled down.
Job stats:
job      count    min threads    max threads
-----  -------  -------------  -------------
all          1              1              1
emu          2             16             16
total        3              1             16

Select jobs to execute...

[Thu Jan 27 12:14:36 2022]
rule emu:
    input: fastqs/porechopped/barcode02.fastq.gz
    output: emu_results/barcode02_rel-abundance-threshold-0.01.tsv
    jobid: 2
    wildcards: sample=barcode02
    threads: 16
    resources: tmpdir=/var/folders/2q/srp24kx525982p1wr0crt0tc0000gq/T

[Thu Jan 27 12:16:12 2022]
Finished job 2.
1 of 3 steps (33%) done
Select jobs to execute...

[Thu Jan 27 12:16:12 2022]
rule emu:
    input: fastqs/porechopped/barcode01.fastq.gz
    output: emu_results/barcode01_rel-abundance-threshold-0.01.tsv
    jobid: 1
    wildcards: sample=barcode01
    threads: 16
    resources: tmpdir=/var/folders/2q/srp24kx525982p1wr0crt0tc0000gq/T

[Thu Jan 27 12:16:12 2022]
Error in rule emu:
    jobid: 1
    output: emu_results/barcode01_rel-abundance-threshold-0.01.tsv
    shell:
        
        emu abundance fastqs/porechopped/barcode01.fastq.gz --threads 16 --min-abundance 0.01 --db DB --output-dir emu_results --output-basename barcode01
        
        (one of the commands exited with non-zero exit code; note that snakemake uses bash strict mode!)

Shutting down, this might take some time.
Exiting because a job execution failed. Look above for error message
Complete log: /Users/a1667917/Documents/Pipelines/16S_Emu_Pipeline/.snakemake/log/2022-01-27T121435.826416.snakemake.log
