Building DAG of jobs...
Using shell: /bin/bash
Provided cores: 1 (use --cores to define parallelism)
Rules claiming more threads will be scaled down.
Job stats:
job            count    min threads    max threads
-----------  -------  -------------  -------------
all                1              1              1
emu                3              0              0
get_db             1              1              1
krona              3              1              1
krona_input        3              1              1
read_count         2              1              1
total             13              0              1

Select jobs to execute...

[Thu Jan 27 17:27:08 2022]
rule get_db:
    input: gitlab.com/treangenlab/emu/-/archive/v1.0.1/emu-v1.0.1.tar.gz
    output: DB, DB/species_taxid.fasta, DB/names_df.tsv, DB/nodes_df.tsv, DB/unique_taxids.tsv
    jobid: 1
    resources: tmpdir=/var/folders/2q/srp24kx525982p1wr0crt0tc0000gq/T

[Thu Jan 27 17:27:13 2022]
Finished job 1.
1 of 13 steps (8%) done
Select jobs to execute...

[Thu Jan 27 17:27:13 2022]
rule read_count:
    input: fastqs/porechopped/barcode03.fastq.gz
    output: emu_results/barcode03_readcount.txt
    jobid: 7
    wildcards: sample=barcode03
    resources: tmpdir=/var/folders/2q/srp24kx525982p1wr0crt0tc0000gq/T


[Thu Jan 27 17:27:13 2022]
rule emu:
    input: fastqs/porechopped/barcode01.fastq.gz, DB/species_taxid.fasta
    output: emu_results/barcode01_rel-abundance-threshold-0.01.tsv
    jobid: 2
    wildcards: sample=barcode01
    threads: 0
    resources: tmpdir=/var/folders/2q/srp24kx525982p1wr0crt0tc0000gq/T


[Thu Jan 27 17:27:13 2022]
rule emu:
    input: fastqs/porechopped/barcode02.fastq.gz, DB/species_taxid.fasta
    output: emu_results/barcode02_rel-abundance-threshold-0.01.tsv
    jobid: 3
    wildcards: sample=barcode02
    threads: 0
    resources: tmpdir=/var/folders/2q/srp24kx525982p1wr0crt0tc0000gq/T


[Thu Jan 27 17:27:13 2022]
rule emu:
    input: fastqs/porechopped/barcode03.fastq.gz, DB/species_taxid.fasta
    output: emu_results/barcode03_rel-abundance-threshold-0.01.tsv
    jobid: 4
    wildcards: sample=barcode03
    threads: 0
    resources: tmpdir=/var/folders/2q/srp24kx525982p1wr0crt0tc0000gq/T

[Thu Jan 27 17:27:13 2022]
Finished job 7.
2 of 13 steps (15%) done
Select jobs to execute...

[Thu Jan 27 17:27:13 2022]
rule read_count:
    input: fastqs/porechopped/barcode02.fastq.gz
    output: emu_results/barcode02_readcount.txt
    jobid: 6
    wildcards: sample=barcode02
    resources: tmpdir=/var/folders/2q/srp24kx525982p1wr0crt0tc0000gq/T

[Thu Jan 27 17:27:14 2022]
Finished job 6.
3 of 13 steps (23%) done
Terminating processes on user request, this might take some time.
[Thu Jan 27 17:27:18 2022]
[Thu Jan 27 17:27:18 2022]
Error in rule emu:
    jobid: 4
    output: emu_results/barcode03_rel-abundance-threshold-0.01.tsv
    shell:
        
        emu abundance fastqs/porechopped/barcode03.fastq.gz --threads 0 --min-abundance 0.01 --db DB --output-dir emu_results --output-basename barcode03
        
        (one of the commands exited with non-zero exit code; note that snakemake uses bash strict mode!)

Error in rule emu:
    jobid: 3
    output: emu_results/barcode02_rel-abundance-threshold-0.01.tsv
    shell:
        
        emu abundance fastqs/porechopped/barcode02.fastq.gz --threads 0 --min-abundance 0.01 --db DB --output-dir emu_results --output-basename barcode02
        
        (one of the commands exited with non-zero exit code; note that snakemake uses bash strict mode!)

[Thu Jan 27 17:27:18 2022]
Error in rule emu:
    jobid: 2
    output: emu_results/barcode01_rel-abundance-threshold-0.01.tsv
    shell:
        
        emu abundance fastqs/porechopped/barcode01.fastq.gz --threads 0 --min-abundance 0.01 --db DB --output-dir emu_results --output-basename barcode01
        
        (one of the commands exited with non-zero exit code; note that snakemake uses bash strict mode!)

Complete log: /Users/a1667917/Documents/Pipelines/16S_Emu_Pipeline/.snakemake/log/2022-01-27T172707.764042.snakemake.log
