Building DAG of jobs...
Using shell: /bin/bash
Provided cores: 16
Rules claiming more threads will be scaled down.
Job stats:
job      count    min threads    max threads
-----  -------  -------------  -------------
all          1              1              1
emu          1             16             16
total        2              1             16

Select jobs to execute...

[Thu Jan 27 13:36:25 2022]
rule emu:
    input: fastqs/porechopped/barcode01.fastq.gz
    output: emu_results/barcode01_rel-abundance-threshold-0.01.tsv
    jobid: 1
    wildcards: sample=barcode01
    threads: 16
    resources: tmpdir=/var/folders/2q/srp24kx525982p1wr0crt0tc0000gq/T

[Thu Jan 27 13:38:32 2022]
Finished job 1.
1 of 2 steps (50%) done
Select jobs to execute...

[Thu Jan 27 13:38:32 2022]
localrule all:
    input: emu_results/barcode01_rel-abundance-threshold-0.01.tsv, emu_results/barcode02_rel-abundance-threshold-0.01.tsv, emu_results/barcode03_rel-abundance-threshold-0.01.tsv
    jobid: 0
    resources: tmpdir=/var/folders/2q/srp24kx525982p1wr0crt0tc0000gq/T

[Thu Jan 27 13:38:32 2022]
Finished job 0.
2 of 2 steps (100%) done
Complete log: /Users/a1667917/Documents/Pipelines/16S_Emu_Pipeline/.snakemake/log/2022-01-27T133624.564430.snakemake.log
