Building DAG of jobs...
Using shell: /bin/bash
Provided cores: 16
Rules claiming more threads will be scaled down.
Job stats:
job            count    min threads    max threads
-----------  -------  -------------  -------------
all                1              1              1
krona_input        3              1              1
total              4              1              1

Select jobs to execute...

[Thu Jan 27 14:06:47 2022]
rule krona_input:
    input: emu_results/barcode01_rel-abundance-threshold-0.01.tsv, emu_results/barcode01_readcount.txt
    output: emu_results/barcode01_krona_input.txt
    jobid: 7
    wildcards: sample=barcode01
    resources: tmpdir=/var/folders/2q/srp24kx525982p1wr0crt0tc0000gq/T

[Thu Jan 27 14:06:47 2022]
rule krona_input:
    input: emu_results/barcode02_rel-abundance-threshold-0.01.tsv, emu_results/barcode02_readcount.txt
    output: emu_results/barcode02_krona_input.txt
    jobid: 8
    wildcards: sample=barcode02
    resources: tmpdir=/var/folders/2q/srp24kx525982p1wr0crt0tc0000gq/T

[Thu Jan 27 14:06:47 2022]
rule krona_input:
    input: emu_results/barcode03_rel-abundance-threshold-0.01.tsv, emu_results/barcode03_readcount.txt
    output: emu_results/barcode03_krona_input.txt
    jobid: 9
    wildcards: sample=barcode03
    resources: tmpdir=/var/folders/2q/srp24kx525982p1wr0crt0tc0000gq/T

[Thu Jan 27 14:06:48 2022]
Error in rule krona_input:
    jobid: 9
    output: emu_results/barcode03_krona_input.txt

RuleException:
CalledProcessError in line 93 of /Users/a1667917/Documents/Pipelines/16S_Emu_Pipeline/emu.smk:
Command 'set -euo pipefail;  /Users/a1667917/mambaforge/envs/emu_env/bin/python3.7 /Users/a1667917/Documents/Pipelines/16S_Emu_Pipeline/.snakemake/scripts/tmp8zr9h6wn.create_tsv_for_krona.py' returned non-zero exit status 1.
  File "/Users/a1667917/Documents/Pipelines/16S_Emu_Pipeline/emu.smk", line 93, in __rule_krona_input
  File "/Users/a1667917/mambaforge/envs/emu_env/lib/python3.7/concurrent/futures/thread.py", line 57, in run
[Thu Jan 27 14:06:48 2022]
Error in rule krona_input:
    jobid: 8
    output: emu_results/barcode02_krona_input.txt

[Thu Jan 27 14:06:48 2022]
Error in rule krona_input:
    jobid: 7
    output: emu_results/barcode01_krona_input.txt

RuleException:
CalledProcessError in line 93 of /Users/a1667917/Documents/Pipelines/16S_Emu_Pipeline/emu.smk:
Command 'set -euo pipefail;  /Users/a1667917/mambaforge/envs/emu_env/bin/python3.7 /Users/a1667917/Documents/Pipelines/16S_Emu_Pipeline/.snakemake/scripts/tmpbj0dy2ik.create_tsv_for_krona.py' returned non-zero exit status 1.
  File "/Users/a1667917/Documents/Pipelines/16S_Emu_Pipeline/emu.smk", line 93, in __rule_krona_input
  File "/Users/a1667917/mambaforge/envs/emu_env/lib/python3.7/concurrent/futures/thread.py", line 57, in run
RuleException:
CalledProcessError in line 93 of /Users/a1667917/Documents/Pipelines/16S_Emu_Pipeline/emu.smk:
Command 'set -euo pipefail;  /Users/a1667917/mambaforge/envs/emu_env/bin/python3.7 /Users/a1667917/Documents/Pipelines/16S_Emu_Pipeline/.snakemake/scripts/tmpu3_rwku8.create_tsv_for_krona.py' returned non-zero exit status 1.
  File "/Users/a1667917/Documents/Pipelines/16S_Emu_Pipeline/emu.smk", line 93, in __rule_krona_input
  File "/Users/a1667917/mambaforge/envs/emu_env/lib/python3.7/concurrent/futures/thread.py", line 57, in run
Shutting down, this might take some time.
Exiting because a job execution failed. Look above for error message
Complete log: /Users/a1667917/Documents/Pipelines/16S_Emu_Pipeline/.snakemake/log/2022-01-27T140646.877564.snakemake.log
