Building DAG of jobs...
Using shell: /bin/bash
Provided cores: 16
Rules claiming more threads will be scaled down.
Job stats:
job         count    min threads    max threads
--------  -------  -------------  -------------
all             1              1              1
nanoplot        3             16             16
total           4              1             16

Select jobs to execute...

[Thu Jan 27 14:32:49 2022]
rule nanoplot:
    input: fastqs/porechopped/barcode02.fastq.gz
    output: nanoplot/barcode02
    jobid: 11
    wildcards: sample=barcode02
    threads: 16
    resources: tmpdir=/var/folders/2q/srp24kx525982p1wr0crt0tc0000gq/T

[Thu Jan 27 14:33:02 2022]
Finished job 11.
1 of 4 steps (25%) done
Select jobs to execute...

[Thu Jan 27 14:33:02 2022]
rule nanoplot:
    input: fastqs/porechopped/barcode01.fastq.gz
    output: nanoplot/barcode01
    jobid: 10
    wildcards: sample=barcode01
    threads: 16
    resources: tmpdir=/var/folders/2q/srp24kx525982p1wr0crt0tc0000gq/T

[Thu Jan 27 14:33:14 2022]
Finished job 10.
2 of 4 steps (50%) done
Select jobs to execute...

[Thu Jan 27 14:33:14 2022]
rule nanoplot:
    input: fastqs/porechopped/barcode03.fastq.gz
    output: nanoplot/barcode03
    jobid: 12
    wildcards: sample=barcode03
    threads: 16
    resources: tmpdir=/var/folders/2q/srp24kx525982p1wr0crt0tc0000gq/T

[Thu Jan 27 14:33:26 2022]
Finished job 12.
3 of 4 steps (75%) done
Select jobs to execute...

[Thu Jan 27 14:33:26 2022]
localrule all:
    input: fastqs/porechopped/barcode01.fastq.gz, fastqs/porechopped/barcode02.fastq.gz, fastqs/porechopped/barcode03.fastq.gz, nanoplot/barcode01, nanoplot/barcode02, nanoplot/barcode03
    jobid: 0
    resources: tmpdir=/var/folders/2q/srp24kx525982p1wr0crt0tc0000gq/T

[Thu Jan 27 14:33:26 2022]
Finished job 0.
4 of 4 steps (100%) done
Complete log: /Users/a1667917/Documents/Pipelines/16S_Emu_Pipeline/.snakemake/log/2022-01-27T143245.813093.snakemake.log
