Building DAG of jobs...
Using shell: /bin/bash
Provided cores: 16
Rules claiming more threads will be scaled down.
Job stats:
job            count    min threads    max threads
-----------  -------  -------------  -------------
all                1              1              1
krona_input        3              1              1
total              4              1              1

Select jobs to execute...

[Thu Jan 27 14:01:40 2022]
rule krona_input:
    input: emu_results/barcode01_rel-abundance-threshold-0.01.tsv, emu_results/barcode01_readcount.txt
    output: emu_results/barcode01_krona_input.txt
    jobid: 7
    wildcards: sample=barcode01
    resources: tmpdir=/var/folders/2q/srp24kx525982p1wr0crt0tc0000gq/T


[Thu Jan 27 14:01:40 2022]
rule krona_input:
    input: emu_results/barcode02_rel-abundance-threshold-0.01.tsv, emu_results/barcode02_readcount.txt
    output: emu_results/barcode02_krona_input.txt
    jobid: 8
    wildcards: sample=barcode02
    resources: tmpdir=/var/folders/2q/srp24kx525982p1wr0crt0tc0000gq/T


[Thu Jan 27 14:01:40 2022]
rule krona_input:
    input: emu_results/barcode03_rel-abundance-threshold-0.01.tsv, emu_results/barcode03_readcount.txt
    output: emu_results/barcode03_krona_input.txt
    jobid: 9
    wildcards: sample=barcode03
    resources: tmpdir=/var/folders/2q/srp24kx525982p1wr0crt0tc0000gq/T

[Thu Jan 27 14:01:41 2022]
Error in rule krona_input:
    jobid: 7
    output: emu_results/barcode01_krona_input.txt
    shell:
        
        "Scripts/create_tsv_for_krona.py"
        
        (one of the commands exited with non-zero exit code; note that snakemake uses bash strict mode!)

[Thu Jan 27 14:01:41 2022]
Error in rule krona_input:
    jobid: 8
    output: emu_results/barcode02_krona_input.txt
    shell:
        
        "Scripts/create_tsv_for_krona.py"
        
        (one of the commands exited with non-zero exit code; note that snakemake uses bash strict mode!)

[Thu Jan 27 14:01:41 2022]
Error in rule krona_input:
    jobid: 9
    output: emu_results/barcode03_krona_input.txt
    shell:
        
        "Scripts/create_tsv_for_krona.py"
        
        (one of the commands exited with non-zero exit code; note that snakemake uses bash strict mode!)

Shutting down, this might take some time.
Exiting because a job execution failed. Look above for error message
Complete log: /Users/a1667917/Documents/Pipelines/16S_Emu_Pipeline/.snakemake/log/2022-01-27T140139.881439.snakemake.log
