Building DAG of jobs...
Using shell: /bin/bash
Provided cores: 16
Rules claiming more threads will be scaled down.
Job stats:
job      count    min threads    max threads
-----  -------  -------------  -------------
all          1              1              1
emu          3             16             16
total        4              1             16

Select jobs to execute...

[Thu Jan 27 11:32:40 2022]
rule emu:
    input: fastqs/porechopped/barcode03.fastq.gz
    output: emu_results/barcode03_rel-abundance.tsv
    jobid: 3
    wildcards: sample=barcode03
    threads: 16
    resources: tmpdir=/var/folders/2q/srp24kx525982p1wr0crt0tc0000gq/T

Waiting at most 5 seconds for missing files.
MissingOutputException in line 56 of /Users/a1667917/Documents/Pipelines/16S_Emu_Pipeline/emu.smk:
Job Missing files after 5 seconds:
emu_results/barcode03_rel-abundance.tsv
This might be due to filesystem latency. If that is the case, consider to increase the wait time with --latency-wait.
Job id: 3 completed successfully, but some output files are missing. 3
Shutting down, this might take some time.
Exiting because a job execution failed. Look above for error message
Complete log: /Users/a1667917/Documents/Pipelines/16S_Emu_Pipeline/.snakemake/log/2022-01-27T113236.049150.snakemake.log
