Building DAG of jobs...
Using shell: /bin/bash
Provided cores: 4
Rules claiming more threads will be scaled down.
Job stats:
job       count    min threads    max threads
------  -------  -------------  -------------
all           1              1              1
get_db        1              1              1
total         2              1              1

Select jobs to execute...

[Thu Jan 27 11:20:46 2022]
rule get_db:
    input: gitlab.com/treangenlab/emu/-/archive/v1.0.1/emu-v1.0.1.tar.gz
    output: DB/species_taxid.fasta, DB/names_df.tsv, DB/nodes_df.tsv, DB/unique_taxids.tsv
    jobid: 1
    resources: tmpdir=/var/folders/2q/srp24kx525982p1wr0crt0tc0000gq/T

Downloading from remote: gitlab.com/treangenlab/emu/-/archive/v1.0.1/emu-v1.0.1.tar.gz
Finished download.
[Thu Jan 27 11:20:54 2022]
Finished job 1.
1 of 2 steps (50%) done
Select jobs to execute...

[Thu Jan 27 11:20:54 2022]
localrule all:
    input: DB/species_taxid.fasta, DB/names_df.tsv, DB/nodes_df.tsv, DB/unique_taxids.tsv
    jobid: 0
    resources: tmpdir=/var/folders/2q/srp24kx525982p1wr0crt0tc0000gq/T

[Thu Jan 27 11:20:54 2022]
Finished job 0.
2 of 2 steps (100%) done
Complete log: /Users/a1667917/Documents/Pipelines/16S_Emu_Pipeline/.snakemake/log/2022-01-27T112044.990537.snakemake.log
