Building DAG of jobs...
Using shell: /bin/bash
Provided cores: 16
Rules claiming more threads will be scaled down.
Job stats:
job                   count    min threads    max threads
------------------  -------  -------------  -------------
all                       1              1              1
concatenate_fastqs        3              1              1
filtlong                  3              1              1
nanoplot                  3             16             16
porechop                  3             16             16
total                    13              1             16

Select jobs to execute...

[Thu Jan 27 10:58:22 2022]
rule concatenate_fastqs:
    input: fastqs/barcode01/fastq_runid_8921d78723c35e28455caeb8e2caaa8187ac180b_293_0.fastq.gz, fastqs/barcode01/fastq_runid_8921d78723c35e28455caeb8e2caaa8187ac180b_406_0.fastq.gz, fastqs/barcode01/fastq_runid_8921d78723c35e28455caeb8e2caaa8187ac180b_415_0.fastq.gz, fastqs/barcode01/fastq_runid_8921d78723c35e28455caeb8e2caaa8187ac180b_371_0.fastq.gz, fastqs/barcode01/fastq_runid_8921d78723c35e28455caeb8e2caaa8187ac180b_505_0.fastq.gz
    output: fastqs/filtlong_fastqs/barcode01_conc.fastq
    jobid: 3
    wildcards: sample=barcode01
    resources: tmpdir=/var/folders/2q/srp24kx525982p1wr0crt0tc0000gq/T


[Thu Jan 27 10:58:22 2022]
rule concatenate_fastqs:
    input: fastqs/barcode02/fastq_runid_8921d78723c35e28455caeb8e2caaa8187ac180b_123_0.fastq.gz, fastqs/barcode02/fastq_runid_8921d78723c35e28455caeb8e2caaa8187ac180b_430_0.fastq.gz, fastqs/barcode02/fastq_runid_8921d78723c35e28455caeb8e2caaa8187ac180b_134_0.fastq.gz
    output: fastqs/filtlong_fastqs/barcode02_conc.fastq
    jobid: 6
    wildcards: sample=barcode02
    resources: tmpdir=/var/folders/2q/srp24kx525982p1wr0crt0tc0000gq/T


[Thu Jan 27 10:58:22 2022]
rule concatenate_fastqs:
    input: fastqs/barcode03/fastq_runid_8921d78723c35e28455caeb8e2caaa8187ac180b_93_0.fastq.gz, fastqs/barcode03/fastq_runid_8921d78723c35e28455caeb8e2caaa8187ac180b_53_0.fastq.gz, fastqs/barcode03/fastq_runid_8921d78723c35e28455caeb8e2caaa8187ac180b_134_0.fastq.gz, fastqs/barcode03/fastq_runid_8921d78723c35e28455caeb8e2caaa8187ac180b_153_0.fastq.gz
    output: fastqs/filtlong_fastqs/barcode03_conc.fastq
    jobid: 9
    wildcards: sample=barcode03
    resources: tmpdir=/var/folders/2q/srp24kx525982p1wr0crt0tc0000gq/T

[Thu Jan 27 10:58:23 2022]
Finished job 3.
1 of 13 steps (8%) done
Select jobs to execute...

[Thu Jan 27 10:58:23 2022]
rule filtlong:
    input: fastqs/filtlong_fastqs/barcode01_conc.fastq
    output: fastqs/filtlong_fastqs/barcode01.fastq.gz
    jobid: 2
    wildcards: sample=barcode01
    resources: tmpdir=/var/folders/2q/srp24kx525982p1wr0crt0tc0000gq/T

[Thu Jan 27 10:58:23 2022]
Finished job 6.
2 of 13 steps (15%) done
Select jobs to execute...

[Thu Jan 27 10:58:23 2022]
rule filtlong:
    input: fastqs/filtlong_fastqs/barcode02_conc.fastq
    output: fastqs/filtlong_fastqs/barcode02.fastq.gz
    jobid: 5
    wildcards: sample=barcode02
    resources: tmpdir=/var/folders/2q/srp24kx525982p1wr0crt0tc0000gq/T

[Thu Jan 27 10:58:23 2022]
Finished job 9.
3 of 13 steps (23%) done
Select jobs to execute...

[Thu Jan 27 10:58:23 2022]
rule filtlong:
    input: fastqs/filtlong_fastqs/barcode03_conc.fastq
    output: fastqs/filtlong_fastqs/barcode03.fastq.gz
    jobid: 8
    wildcards: sample=barcode03
    resources: tmpdir=/var/folders/2q/srp24kx525982p1wr0crt0tc0000gq/T

[Thu Jan 27 10:58:23 2022]
Finished job 2.
4 of 13 steps (31%) done
Select jobs to execute...
[Thu Jan 27 10:58:23 2022]
Finished job 8.
5 of 13 steps (38%) done
[Thu Jan 27 10:58:24 2022]
Finished job 5.
6 of 13 steps (46%) done

[Thu Jan 27 10:58:24 2022]
rule porechop:
    input: fastqs/filtlong_fastqs/barcode03.fastq.gz
    output: fastqs/porechopped/barcode03.fastq.gz
    jobid: 7
    wildcards: sample=barcode03
    threads: 16
    resources: tmpdir=/var/folders/2q/srp24kx525982p1wr0crt0tc0000gq/T

[Thu Jan 27 10:58:51 2022]
Finished job 7.
7 of 13 steps (54%) done
Select jobs to execute...

[Thu Jan 27 10:58:51 2022]
rule porechop:
    input: fastqs/filtlong_fastqs/barcode02.fastq.gz
    output: fastqs/porechopped/barcode02.fastq.gz
    jobid: 4
    wildcards: sample=barcode02
    threads: 16
    resources: tmpdir=/var/folders/2q/srp24kx525982p1wr0crt0tc0000gq/T

[Thu Jan 27 10:59:18 2022]
Finished job 4.
8 of 13 steps (62%) done
Select jobs to execute...

[Thu Jan 27 10:59:18 2022]
rule porechop:
    input: fastqs/filtlong_fastqs/barcode01.fastq.gz
    output: fastqs/porechopped/barcode01.fastq.gz
    jobid: 1
    wildcards: sample=barcode01
    threads: 16
    resources: tmpdir=/var/folders/2q/srp24kx525982p1wr0crt0tc0000gq/T

[Thu Jan 27 10:59:39 2022]
Finished job 1.
9 of 13 steps (69%) done
Select jobs to execute...

[Thu Jan 27 10:59:39 2022]
rule nanoplot:
    input: fastqs/porechopped/barcode03.fastq.gz
    output: nanoplot/barcode03
    jobid: 12
    wildcards: sample=barcode03
    threads: 16
    resources: tmpdir=/var/folders/2q/srp24kx525982p1wr0crt0tc0000gq/T

[Thu Jan 27 10:59:54 2022]
Finished job 12.
10 of 13 steps (77%) done
Select jobs to execute...

[Thu Jan 27 10:59:54 2022]
rule nanoplot:
    input: fastqs/porechopped/barcode01.fastq.gz
    output: nanoplot/barcode01
    jobid: 10
    wildcards: sample=barcode01
    threads: 16
    resources: tmpdir=/var/folders/2q/srp24kx525982p1wr0crt0tc0000gq/T

[Thu Jan 27 11:00:05 2022]
Finished job 10.
11 of 13 steps (85%) done
Select jobs to execute...

[Thu Jan 27 11:00:05 2022]
rule nanoplot:
    input: fastqs/porechopped/barcode02.fastq.gz
    output: nanoplot/barcode02
    jobid: 11
    wildcards: sample=barcode02
    threads: 16
    resources: tmpdir=/var/folders/2q/srp24kx525982p1wr0crt0tc0000gq/T

[Thu Jan 27 11:00:17 2022]
Finished job 11.
12 of 13 steps (92%) done
Select jobs to execute...

[Thu Jan 27 11:00:17 2022]
localrule all:
    input: fastqs/porechopped/barcode01.fastq.gz, fastqs/porechopped/barcode02.fastq.gz, fastqs/porechopped/barcode03.fastq.gz, nanoplot/barcode01, nanoplot/barcode02, nanoplot/barcode03
    jobid: 0
    resources: tmpdir=/var/folders/2q/srp24kx525982p1wr0crt0tc0000gq/T

[Thu Jan 27 11:00:17 2022]
Finished job 0.
13 of 13 steps (100%) done
Complete log: /Users/a1667917/Documents/Pipelines/16S_Emu_Pipeline/.snakemake/log/2022-01-27T105821.181414.snakemake.log
