Building DAG of jobs...
Using shell: /bin/bash
Provided cores: 16
Rules claiming more threads will be scaled down.
Job stats:
job            count    min threads    max threads
-----------  -------  -------------  -------------
all                1              1              1
emu                3             16             16
get_db             1              1              1
krona              3              1              1
krona_input        3              1              1
total             11              1             16

Select jobs to execute...

[Thu Jan 27 14:45:27 2022]
rule get_db:
    input: gitlab.com/treangenlab/emu/-/archive/v1.0.1/emu-v1.0.1.tar.gz
    output: DB, DB/species_taxid.fasta, DB/names_df.tsv, DB/nodes_df.tsv, DB/unique_taxids.tsv
    jobid: 1
    resources: tmpdir=/var/folders/2q/srp24kx525982p1wr0crt0tc0000gq/T

[Thu Jan 27 14:45:32 2022]
Finished job 1.
1 of 11 steps (9%) done
Select jobs to execute...

[Thu Jan 27 14:45:32 2022]
rule emu:
    input: fastqs/porechopped/barcode03.fastq.gz, DB/species_taxid.fasta
    output: emu_results/barcode03_rel-abundance-threshold-0.01.tsv
    jobid: 4
    wildcards: sample=barcode03
    threads: 16
    resources: tmpdir=/var/folders/2q/srp24kx525982p1wr0crt0tc0000gq/T

Terminating processes on user request, this might take some time.
Cancelling snakemake on user request.
