Building DAG of jobs...
Using shell: /bin/bash
Provided cores: 16
Rules claiming more threads will be scaled down.
Job stats:
job            count    min threads    max threads
-----------  -------  -------------  -------------
all                1              1              1
emu                3             16             16
get_db             1              1              1
krona              3              1              1
krona_input        3              1              1
read_count         3              1              1
total             14              1             16

Select jobs to execute...

[Thu Jan 27 14:44:10 2022]
rule read_count:
    input: fastqs/porechopped/barcode02.fastq.gz
    output: emu_results/barcode02_readcount.txt
    jobid: 6
    wildcards: sample=barcode02
    resources: tmpdir=/var/folders/2q/srp24kx525982p1wr0crt0tc0000gq/T


[Thu Jan 27 14:44:10 2022]
rule read_count:
    input: fastqs/porechopped/barcode03.fastq.gz
    output: emu_results/barcode03_readcount.txt
    jobid: 7
    wildcards: sample=barcode03
    resources: tmpdir=/var/folders/2q/srp24kx525982p1wr0crt0tc0000gq/T


[Thu Jan 27 14:44:10 2022]
rule get_db:
    output: DB, DB/species_taxid.fasta, DB/names_df.tsv, DB/nodes_df.tsv, DB/unique_taxids.tsv
    jobid: 1
    resources: tmpdir=/var/folders/2q/srp24kx525982p1wr0crt0tc0000gq/T


[Thu Jan 27 14:44:10 2022]
rule read_count:
    input: fastqs/porechopped/barcode01.fastq.gz
    output: emu_results/barcode01_readcount.txt
    jobid: 5
    wildcards: sample=barcode01
    resources: tmpdir=/var/folders/2q/srp24kx525982p1wr0crt0tc0000gq/T

[Thu Jan 27 14:44:10 2022]
Finished job 6.
1 of 14 steps (7%) done
[Thu Jan 27 14:44:10 2022]
Finished job 7.
2 of 14 steps (14%) done
[Thu Jan 27 14:44:10 2022]
Finished job 5.
3 of 14 steps (21%) done
Terminating processes on user request, this might take some time.
[Thu Jan 27 14:44:12 2022]
Error in rule get_db:
    jobid: 1
    output: DB, DB/species_taxid.fasta, DB/names_df.tsv, DB/nodes_df.tsv, DB/unique_taxids.tsv
    shell:
        
        wget -qO- "https://gitlab.com/treangenlab/emu/-/archive/v1.0.1/emu-v1.0.1.tar.gz" | tar -C DB -xvz --strip-components=2 emu-v1.0.1/emu_database/
        
        (one of the commands exited with non-zero exit code; note that snakemake uses bash strict mode!)

Complete log: /Users/a1667917/Documents/Pipelines/16S_Emu_Pipeline/.snakemake/log/2022-01-27T144409.308236.snakemake.log
