Building DAG of jobs...
Using shell: /bin/bash
Provided cores: 16
Rules claiming more threads will be scaled down.
Job stats:
job      count    min threads    max threads
-----  -------  -------------  -------------
all          1              1              1
emu          3             16             16
total        4              1             16

Select jobs to execute...

[Thu Jan 27 11:58:37 2022]
rule emu:
    input: fastqs/porechopped/barcode03.fastq.gz
    output: emu_results/barcode03_rel-abundance-theshold-0.01.tsv
    jobid: 3
    wildcards: sample=barcode03
    threads: 16
    resources: tmpdir=/var/folders/2q/srp24kx525982p1wr0crt0tc0000gq/T

Waiting at most 100 seconds for missing files.
Terminating processes on user request, this might take some time.
Complete log: /Users/a1667917/Documents/Pipelines/16S_Emu_Pipeline/.snakemake/log/2022-01-27T115836.349342.snakemake.log
